<?xml version="1.0" encoding="UTF-8"?>
<testng-results ignored="0" total="4" passed="4" failed="0" skipped="0">
  <reporter-output>
  </reporter-output>
  <suite started-at="2022-10-01T17:18:34 IST" name="Default suite" finished-at="2022-10-01T17:19:17 IST" duration-ms="42659">
    <groups>
    </groups>
    <test started-at="2022-10-01T17:18:34 IST" name="Default test" finished-at="2022-10-01T17:19:17 IST" duration-ms="42659">
      <class name="TestNG.NewTest">
        <test-method signature="ValidateLoginScript()[pri:0, instance:TestNG.NewTest@2f217633]" started-at="2022-10-01T17:18:34 IST" name="ValidateLoginScript" finished-at="2022-10-01T17:18:44 IST" duration-ms="10182" status="PASS">
          <reporter-output>
          </reporter-output>
        </test-method> <!-- ValidateLoginScript -->
        <test-method signature="addDetailToRegisterForm()[pri:1, instance:TestNG.NewTest@2f217633]" started-at="2022-10-01T17:18:44 IST" name="addDetailToRegisterForm" finished-at="2022-10-01T17:18:53 IST" duration-ms="8512" status="PASS">
          <reporter-output>
          </reporter-output>
        </test-method> <!-- addDetailToRegisterForm -->
        <test-method signature="addToCart()[pri:2, instance:TestNG.NewTest@2f217633]" started-at="2022-10-01T17:18:53 IST" name="addToCart" finished-at="2022-10-01T17:19:01 IST" duration-ms="7889" status="PASS">
          <reporter-output>
          </reporter-output>
        </test-method> <!-- addToCart -->
        <test-method signature="addDetailsToLoginForm()[pri:3, instance:TestNG.NewTest@2f217633]" started-at="2022-10-01T17:19:01 IST" name="addDetailsToLoginForm" finished-at="2022-10-01T17:19:17 IST" duration-ms="15875" status="PASS">
          <reporter-output>
          </reporter-output>
        </test-method> <!-- addDetailsToLoginForm -->
      </class> <!-- TestNG.NewTest -->
    </test> <!-- Default test -->
  </suite> <!-- Default suite -->
</testng-results>
