<?xml version="1.0" encoding="UTF-8"?>
<!-- Generated by org.testng.reporters.JUnitXMLReporter -->
<testsuite ignored="0" hostname="SandhyaMathi" failures="0" tests="4" name="Default test" time="42.659" errors="0" timestamp="2022-10-01T17:19:17 IST">
  <testcase classname="TestNG.NewTest" name="ValidateLoginScript" time="10.182"/>
  <testcase classname="TestNG.NewTest" name="addDetailToRegisterForm" time="8.512"/>
  <testcase classname="TestNG.NewTest" name="addToCart" time="7.889"/>
  <testcase classname="TestNG.NewTest" name="addDetailsToLoginForm" time="15.875"/>
</testsuite> <!-- Default test -->
